DIO_MINI RUN 1 | trades=0 reward=0.0000 avg=0.0000 symbols=18
DIO_MINI RUN 2 | trades=0 reward=0.0000 avg=0.0000 symbols=18
{
  "actionable_seen": 18,
  "avg_associative_trade": 0.0,
  "avg_mature_transfer": 0.0,
  "avg_maturity_gap": 0.0,
  "avg_mini_afterimage": 0.0,
  "avg_mini_neuro_balance": 0.07061359219297664,
  "avg_mini_neuro_load": 0.2144932617314639,
  "avg_mini_neuro_support": 0.2851068539244406,
  "avg_mini_temporal_caution_support": 0.72,
  "avg_mini_temporal_trust_support": 0.0,
  "avg_observation_learning_pressure": 0.43341033745521973,
  "avg_observation_trade_readiness": 0.005620409152641604,
  "avg_observation_trade_signal": 0.051094628660378213,
  "avg_reflection_context_alignment": 0.9444847064809377,
  "avg_reflection_context_carry": 0.2029035861299495,
  "avg_reflection_context_strain": 0.26444757173489175,
  "avg_reward": 0.0,
  "avg_trade_readiness": 0.005620409152641604,
  "both_touched_trades": 0,
  "candles": 24,
  "correct_action_when_actionable": 0,
  "data_path": "data\\kontrolliert_sensor_relation_probe17_self_awareness_recovery_2episoden_5m_SOLUSDT.csv",
  "episodes": 18,
  "family_top": [
    {
      "actions": {
        "LONG": {
          "caution": 0.0,
          "count": 0,
          "last_reward": 0.0,
          "last_timing_improvement": 0.0,
          "reward_sum": 0.0,
          "timing_improvement_sum": 0.0,
          "trust": 0.0
        },
        "SHORT": {
          "caution": 0.0,
          "count": 0,
          "last_reward": 0.0,
          "last_timing_improvement": 0.0,
          "reward_sum": 0.0,
          "timing_improvement_sum": 0.0,
          "trust": 0.0
        },
        "WAIT": {
          "caution": 0.0,
          "count": 2,
          "last_reward": 0.0,
          "last_timing_improvement": 0.0,
          "reward_sum": 0.0,
          "timing_improvement_sum": 0.0,
          "trust": 0.0
        }
      },
      "count": 2,
      "family": "dio_1c6b",
      "observations": {
        "LONG": {
          "count": 0,
          "last_recognition": 0.0,
          "last_reward": 0.0,
          "recognition_sum": 0.0,
          "reward_sum": 0.0
        },
        "SHORT": {
          "count": 2,
          "last_recognition": 0.5391594138377543,
          "last_reward": 1.0,
          "recognition_sum": 1.0783188276755087,
          "reward_sum": 2.0
        },
        "WAIT": {
          "count": 0,
          "last_recognition": 0.0,
          "last_reward": 0.0,
          "recognition_sum": 0.0,
          "reward_sum": 0.0
        }
      }
    },
    {
      "actions": {
        "LONG": {
          "caution": 0.0,
          "count": 0,
          "last_reward": 0.0,
          "last_timing_improvement": 0.0,
          "reward_sum": 0.0,
          "timing_improvement_sum": 0.0,
          "trust": 0.0
        },
        "SHORT": {
          "caution": 0.0,
          "count": 0,
          "last_reward": 0.0,
          "last_timing_improvement": 0.0,
          "reward_sum": 0.0,
          "timing_improvement_sum": 0.0,
          "trust": 0.0
        },
        "WAIT": {
          "caution": 0.0,
          "count": 2,
          "last_reward": 0.0,
          "last_timing_improvement": 0.0,
          "reward_sum": 0.0,
          "timing_improvement_sum": 0.0,
          "trust": 0.0
        }
      },
      "count": 2,
      "family": "dio_1d1z",
      "observations": {
        "LONG": {
          "count": 0,
          "last_recognition": 0.0,
          "last_reward": 0.0,
          "recognition_sum": 0.0,
          "reward_sum": 0.0
        },
        "SHORT": {
          "count": 2,
          "last_recognition": 0.20943130340434993,
          "last_reward": 1.0,
          "recognition_sum": 0.41886260680869986,
          "reward_sum": 2.0
        },
        "WAIT": {
          "count": 0,
          "last_recognition": 0.0,
          "last_reward": 0.0,
          "recognition_sum": 0.0,
          "reward_sum": 0.0
        }
      }
    },
    {
      "actions": {
        "LONG": {
          "caution": 0.0,
          "count": 0,
          "last_reward": 0.0,
          "last_timing_improvement": 0.0,
          "reward_sum": 0.0,
          "timing_improvement_sum": 0.0,
          "trust": 0.0
        },
        "SHORT": {
          "caution": 0.0,
          "count": 0,
          "last_reward": 0.0,
          "last_timing_improvement": 0.0,
          "reward_sum": 0.0,
          "timing_improvement_sum": 0.0,
          "trust": 0.0
        },
        "WAIT": {
          "caution": 0.0,
          "count": 2,
          "last_reward": 0.0,
          "last_timing_improvement": 0.0,
          "reward_sum": 0.0,
          "timing_improvement_sum": 0.0,
          "trust": 0.0
        }
      },
      "count": 2,
      "family": "dio_10dk",
      "observations": {
        "LONG": {
          "count": 0,
          "last_recognition": 0.0,
          "last_reward": 0.0,
          "recognition_sum": 0.0,
          "reward_sum": 0.0
        },
        "SHORT": {
          "count": 2,
          "last_recognition": 0.34328491415905443,
          "last_reward": 1.0,
          "recognition_sum": 0.6865698283181089,
          "reward_sum": 2.0
        },
        "WAIT": {
          "count": 0,
          "last_recognition": 0.0,
          "last_reward": 0.0,
          "recognition_sum": 0.0,
          "reward_sum": 0.0
        }
      }
    },
    {
      "actions": {
        "LONG": {
          "caution": 0.0,
          "count": 0,
          "last_reward": 0.0,
          "last_timing_improvement": 0.0,
          "reward_sum": 0.0,
          "timing_improvement_sum": 0.0,
          "trust": 0.0
        },
        "SHORT": {
          "caution": 0.0,
          "count": 0,
          "last_reward": 0.0,
          "last_timing_improvement": 0.0,
          "reward_sum": 0.0,
          "timing_improvement_sum": 0.0,
          "trust": 0.0
        },
        "WAIT": {
          "caution": 0.0,
          "count": 2,
          "last_reward": 0.0,
          "last_timing_improvement": 0.0,
          "reward_sum": 0.0,
          "timing_improvement_sum": 0.0,
          "trust": 0.0
        }
      },
      "count": 2,
      "family": "dio_1d3r",
      "observations": {
        "LONG": {
          "count": 0,
          "last_recognition": 0.0,
          "last_reward": 0.0,
          "recognition_sum": 0.0,
          "reward_sum": 0.0
        },
        "SHORT": {
          "count": 2,
          "last_recognition": 0.430596230574084,
          "last_reward": 1.0,
          "recognition_sum": 0.861192461148168,
          "reward_sum": 2.0
        },
        "WAIT": {
          "count": 0,
          "last_recognition": 0.0,
          "last_reward": 0.0,
          "recognition_sum": 0.0,
          "reward_sum": 0.0
        }
      }
    },
    {
      "actions": {
        "LONG": {
          "caution": 0.0,
          "count": 0,
          "last_reward": 0.0,
          "last_timing_improvement": 0.0,
          "reward_sum": 0.0,
          "timing_improvement_sum": 0.0,
          "trust": 0.0
        },
        "SHORT": {
          "caution": 0.0,
          "count": 0,
          "last_reward": 0.0,
          "last_timing_improvement": 0.0,
          "reward_sum": 0.0,
          "timing_improvement_sum": 0.0,
          "trust": 0.0
        },
        "WAIT": {
          "caution": 0.0,
          "count": 2,
          "last_reward": 0.0,
          "last_timing_improvement": 0.0,
          "reward_sum": 0.0,
          "timing_improvement_sum": 0.0,
          "trust": 0.0
        }
      },
      "count": 2,
      "family": "dio_0n9e",
      "observations": {
        "LONG": {
          "count": 2,
          "last_recognition": 0.6136594889086491,
          "last_reward": 1.0,
          "recognition_sum": 1.2273189778172982,
          "reward_sum": 2.0
        },
        "SHORT": {
          "count": 0,
          "last_recognition": 0.0,
          "last_reward": 0.0,
          "recognition_sum": 0.0,
          "reward_sum": 0.0
        },
        "WAIT": {
          "count": 0,
          "last_recognition": 0.0,
          "last_reward": 0.0,
          "recognition_sum": 0.0,
          "reward_sum": 0.0
        }
      }
    },
    {
      "actions": {
        "LONG": {
          "caution": 0.0,
          "count": 0,
          "last_reward": 0.0,
          "last_timing_improvement": 0.0,
          "reward_sum": 0.0,
          "timing_improvement_sum": 0.0,
          "trust": 0.0
        },
        "SHORT": {
          "caution": 0.0,
          "count": 0,
          "last_reward": 0.0,
          "last_timing_improvement": 0.0,
          "reward_sum": 0.0,
          "timing_improvement_sum": 0.0,
          "trust": 0.0
        },
        "WAIT": {
          "caution": 0.0,
          "count": 2,
          "last_reward": 0.0,
          "last_timing_improvement": 0.0,
          "reward_sum": 0.0,
          "timing_improvement_sum": 0.0,
          "trust": 0.0
        }
      },
      "count": 2,
      "family": "dio_0ofo",
      "observations": {
        "LONG": {
          "count": 2,
          "last_recognition": 0.4240731923061357,
          "last_reward": 1.0,
          "recognition_sum": 0.8481463846122714,
          "reward_sum": 2.0
        },
        "SHORT": {
          "count": 0,
          "last_recognition": 0.0,
          "last_reward": 0.0,
          "recognition_sum": 0.0,
          "reward_sum": 0.0
        },
        "WAIT": {
          "count": 0,
          "last_recognition": 0.0,
          "last_reward": 0.0,
          "recognition_sum": 0.0,
          "reward_sum": 0.0
        }
      }
    },
    {
      "actions": {
        "LONG": {
          "caution": 0.0,
          "count": 0,
          "last_reward": 0.0,
          "last_timing_improvement": 0.0,
          "reward_sum": 0.0,
          "timing_improvement_sum": 0.0,
          "trust": 0.0
        },
        "SHORT": {
          "caution": 0.0,
          "count": 0,
          "last_reward": 0.0,
          "last_timing_improvement": 0.0,
          "reward_sum": 0.0,
          "timing_improvement_sum": 0.0,
          "trust": 0.0
        },
        "WAIT": {
          "caution": 0.0,
          "count": 2,
          "last_reward": 0.0,
          "last_timing_improvement": 0.0,
          "reward_sum": 0.0,
          "timing_improvement_sum": 0.0,
          "trust": 0.0
        }
      },
      "count": 2,
      "family": "dio_0ps1",
      "observations": {
        "LONG": {
          "count": 2,
          "last_recognition": 0.21212740433169955,
          "last_reward": 1.0,
          "recognition_sum": 0.4242548086633991,
          "reward_sum": 2.0
        },
        "SHORT": {
          "count": 0,
          "last_recognition": 0.0,
          "last_reward": 0.0,
          "recognition_sum": 0.0,
          "reward_sum": 0.0
        },
        "WAIT": {
          "count": 0,
          "last_recognition": 0.0,
          "last_reward": 0.0,
          "recognition_sum": 0.0,
          "reward_sum": 0.0
        }
      }
    },
    {
      "actions": {
        "LONG": {
          "caution": 0.0,
          "count": 0,
          "last_reward": 0.0,
          "last_timing_improvement": 0.0,
          "reward_sum": 0.0,
          "timing_improvement_sum": 0.0,
          "trust": 0.0
        },
        "SHORT": {
          "caution": 0.0,
          "count": 0,
          "last_reward": 0.0,
          "last_timing_improvement": 0.0,
          "reward_sum": 0.0,
          "timing_improvement_sum": 0.0,
          "trust": 0.0
        },
        "WAIT": {
          "caution": 0.0,
          "count": 2,
          "last_reward": 0.0,
          "last_timing_improvement": 0.0,
          "reward_sum": 0.0,
          "timing_improvement_sum": 0.0,
          "trust": 0.0
        }
      },
      "count": 2,
      "family": "dio_0bmh",
      "observations": {
        "LONG": {
          "count": 2,
          "last_recognition": 0.4224339647354099,
          "last_reward": 1.0,
          "recognition_sum": 0.8448679294708198,
          "reward_sum": 2.0
        },
        "SHORT": {
          "count": 0,
          "last_recognition": 0.0,
          "last_reward": 0.0,
          "recognition_sum": 0.0,
          "reward_sum": 0.0
        },
        "WAIT": {
          "count": 0,
          "last_recognition": 0.0,
          "last_reward": 0.0,
          "recognition_sum": 0.0,
          "reward_sum": 0.0
        }
      }
    }
  ],
  "long_trades": 0,
  "max_associative_trade": 0.0,
  "max_mature_transfer": 0.0,
  "max_maturity_gap": 0.0,
  "max_mini_afterimage": 0.0,
  "max_mini_neuro_balance": 0.20884564633772237,
  "max_mini_neuro_load": 0.2551774091826966,
  "max_mini_neuro_support": 0.3671501029257082,
  "max_mini_temporal_caution_support": 0.72,
  "max_mini_temporal_trust_support": 0.0,
  "max_observation_learning_pressure": 0.63698961949851,
  "max_observation_trade_readiness": 0.008758607268104512,
  "max_observation_trade_signal": 0.07962370243731375,
  "max_reflection_context_alignment": 0.9987398852367794,
  "max_reflection_context_carry": 0.24371032790946534,
  "max_reflection_context_strain": 0.2799449614693035,
  "max_trade_readiness": 0.008758607268104512,
  "memory_top": [
    {
      "actions": {
        "LONG": {
          "caution": 0.0,
          "count": 0,
          "last_reward": 0.0,
          "last_timing_improvement": 0.0,
          "reward_sum": 0.0,
          "timing_improvement_sum": 0.0,
          "trust": 0.0
        },
        "SHORT": {
          "caution": 0.0,
          "count": 0,
          "last_reward": 0.0,
          "last_timing_improvement": 0.0,
          "reward_sum": 0.0,
          "timing_improvement_sum": 0.0,
          "trust": 0.0
        },
        "WAIT": {
          "caution": 0.0,
          "count": 2,
          "last_reward": 0.0,
          "last_timing_improvement": 0.0,
          "reward_sum": 0.0,
          "timing_improvement_sum": 0.0,
          "trust": 0.0
        }
      },
      "count": 2,
      "observations": {
        "LONG": {
          "count": 0,
          "last_recognition": 0.0,
          "last_reward": 0.0,
          "recognition_sum": 0.0,
          "reward_sum": 0.0
        },
        "SHORT": {
          "count": 2,
          "last_recognition": 0.5391594138377543,
          "last_reward": 1.0,
          "recognition_sum": 1.0783188276755087,
          "reward_sum": 2.0
        },
        "WAIT": {
          "count": 0,
          "last_recognition": 0.0,
          "last_reward": 0.0,
          "recognition_sum": 0.0,
          "reward_sum": 0.0
        }
      },
      "symbol": "dio_1c6be9z",
      "syntax_family": "dio_1c6b"
    },
    {
      "actions": {
        "LONG": {
          "caution": 0.0,
          "count": 0,
          "last_reward": 0.0,
          "last_timing_improvement": 0.0,
          "reward_sum": 0.0,
          "timing_improvement_sum": 0.0,
          "trust": 0.0
        },
        "SHORT": {
          "caution": 0.0,
          "count": 0,
          "last_reward": 0.0,
          "last_timing_improvement": 0.0,
          "reward_sum": 0.0,
          "timing_improvement_sum": 0.0,
          "trust": 0.0
        },
        "WAIT": {
          "caution": 0.0,
          "count": 2,
          "last_reward": 0.0,
          "last_timing_improvement": 0.0,
          "reward_sum": 0.0,
          "timing_improvement_sum": 0.0,
          "trust": 0.0
        }
      },
      "count": 2,
      "observations": {
        "LONG": {
          "count": 0,
          "last_recognition": 0.0,
          "last_reward": 0.0,
          "recognition_sum": 0.0,
          "reward_sum": 0.0
        },
        "SHORT": {
          "count": 2,
          "last_recognition": 0.20943130340434993,
          "last_reward": 1.0,
          "recognition_sum": 0.41886260680869986,
          "reward_sum": 2.0
        },
        "WAIT": {
          "count": 0,
          "last_recognition": 0.0,
          "last_reward": 0.0,
          "recognition_sum": 0.0,
          "reward_sum": 0.0
        }
      },
      "symbol": "dio_1d1z7n5",
      "syntax_family": "dio_1d1z"
    },
    {
      "actions": {
        "LONG": {
          "caution": 0.0,
          "count": 0,
          "last_reward": 0.0,
          "last_timing_improvement": 0.0,
          "reward_sum": 0.0,
          "timing_improvement_sum": 0.0,
          "trust": 0.0
        },
        "SHORT": {
          "caution": 0.0,
          "count": 0,
          "last_reward": 0.0,
          "last_timing_improvement": 0.0,
          "reward_sum": 0.0,
          "timing_improvement_sum": 0.0,
          "trust": 0.0
        },
        "WAIT": {
          "caution": 0.0,
          "count": 2,
          "last_reward": 0.0,
          "last_timing_improvement": 0.0,
          "reward_sum": 0.0,
          "timing_improvement_sum": 0.0,
          "trust": 0.0
        }
      },
      "count": 2,
      "observations": {
        "LONG": {
          "count": 0,
          "last_recognition": 0.0,
          "last_reward": 0.0,
          "recognition_sum": 0.0,
          "reward_sum": 0.0
        },
        "SHORT": {
          "count": 2,
          "last_recognition": 0.34328491415905443,
          "last_reward": 1.0,
          "recognition_sum": 0.6865698283181089,
          "reward_sum": 2.0
        },
        "WAIT": {
          "count": 0,
          "last_recognition": 0.0,
          "last_reward": 0.0,
          "recognition_sum": 0.0,
          "reward_sum": 0.0
        }
      },
      "symbol": "dio_10dkbdg",
      "syntax_family": "dio_10dk"
    },
    {
      "actions": {
        "LONG": {
          "caution": 0.0,
          "count": 0,
          "last_reward": 0.0,
          "last_timing_improvement": 0.0,
          "reward_sum": 0.0,
          "timing_improvement_sum": 0.0,
          "trust": 0.0
        },
        "SHORT": {
          "caution": 0.0,
          "count": 0,
          "last_reward": 0.0,
          "last_timing_improvement": 0.0,
          "reward_sum": 0.0,
          "timing_improvement_sum": 0.0,
          "trust": 0.0
        },
        "WAIT": {
          "caution": 0.0,
          "count": 2,
          "last_reward": 0.0,
          "last_timing_improvement": 0.0,
          "reward_sum": 0.0,
          "timing_improvement_sum": 0.0,
          "trust": 0.0
        }
      },
      "count": 2,
      "observations": {
        "LONG": {
          "count": 0,
          "last_recognition": 0.0,
          "last_reward": 0.0,
          "recognition_sum": 0.0,
          "reward_sum": 0.0
        },
        "SHORT": {
          "count": 2,
          "last_recognition": 0.430596230574084,
          "last_reward": 1.0,
          "recognition_sum": 0.861192461148168,
          "reward_sum": 2.0
        },
        "WAIT": {
          "count": 0,
          "last_recognition": 0.0,
          "last_reward": 0.0,
          "recognition_sum": 0.0,
          "reward_sum": 0.0
        }
      },
      "symbol": "dio_1d3rtjg",
      "syntax_family": "dio_1d3r"
    },
    {
      "actions": {
        "LONG": {
          "caution": 0.0,
          "count": 0,
          "last_reward": 0.0,
          "last_timing_improvement": 0.0,
          "reward_sum": 0.0,
          "timing_improvement_sum": 0.0,
          "trust": 0.0
        },
        "SHORT": {
          "caution": 0.0,
          "count": 0,
          "last_reward": 0.0,
          "last_timing_improvement": 0.0,
          "reward_sum": 0.0,
          "timing_improvement_sum": 0.0,
          "trust": 0.0
        },
        "WAIT": {
          "caution": 0.0,
          "count": 2,
          "last_reward": 0.0,
          "last_timing_improvement": 0.0,
          "reward_sum": 0.0,
          "timing_improvement_sum": 0.0,
          "trust": 0.0
        }
      },
      "count": 2,
      "observations": {
        "LONG": {
          "count": 2,
          "last_recognition": 0.6136594889086491,
          "last_reward": 1.0,
          "recognition_sum": 1.2273189778172982,
          "reward_sum": 2.0
        },
        "SHORT": {
          "count": 0,
          "last_recognition": 0.0,
          "last_reward": 0.0,
          "recognition_sum": 0.0,
          "reward_sum": 0.0
        },
        "WAIT": {
          "count": 0,
          "last_recognition": 0.0,
          "last_reward": 0.0,
          "recognition_sum": 0.0,
          "reward_sum": 0.0
        }
      },
      "symbol": "dio_0n9edet",
      "syntax_family": "dio_0n9e"
    },
    {
      "actions": {
        "LONG": {
          "caution": 0.0,
          "count": 0,
          "last_reward": 0.0,
          "last_timing_improvement": 0.0,
          "reward_sum": 0.0,
          "timing_improvement_sum": 0.0,
          "trust": 0.0
        },
        "SHORT": {
          "caution": 0.0,
          "count": 0,
          "last_reward": 0.0,
          "last_timing_improvement": 0.0,
          "reward_sum": 0.0,
          "timing_improvement_sum": 0.0,
          "trust": 0.0
        },
        "WAIT": {
          "caution": 0.0,
          "count": 2,
          "last_reward": 0.0,
          "last_timing_improvement": 0.0,
          "reward_sum": 0.0,
          "timing_improvement_sum": 0.0,
          "trust": 0.0
        }
      },
      "count": 2,
      "observations": {
        "LONG": {
          "count": 2,
          "last_recognition": 0.4240731923061357,
          "last_reward": 1.0,
          "recognition_sum": 0.8481463846122714,
          "reward_sum": 2.0
        },
        "SHORT": {
          "count": 0,
          "last_recognition": 0.0,
          "last_reward": 0.0,
          "recognition_sum": 0.0,
          "reward_sum": 0.0
        },
        "WAIT": {
          "count": 0,
          "last_recognition": 0.0,
          "last_reward": 0.0,
          "recognition_sum": 0.0,
          "reward_sum": 0.0
        }
      },
      "symbol": "dio_0ofox8n",
      "syntax_family": "dio_0ofo"
    },
    {
      "actions": {
        "LONG": {
          "caution": 0.0,
          "count": 0,
          "last_reward": 0.0,
          "last_timing_improvement": 0.0,
          "reward_sum": 0.0,
          "timing_improvement_sum": 0.0,
          "trust": 0.0
        },
        "SHORT": {
          "caution": 0.0,
          "count": 0,
          "last_reward": 0.0,
          "last_timing_improvement": 0.0,
          "reward_sum": 0.0,
          "timing_improvement_sum": 0.0,
          "trust": 0.0
        },
        "WAIT": {
          "caution": 0.0,
          "count": 2,
          "last_reward": 0.0,
          "last_timing_improvement": 0.0,
          "reward_sum": 0.0,
          "timing_improvement_sum": 0.0,
          "trust": 0.0
        }
      },
      "count": 2,
      "observations": {
        "LONG": {
          "count": 2,
          "last_recognition": 0.21212740433169955,
          "last_reward": 1.0,
          "recognition_sum": 0.4242548086633991,
          "reward_sum": 2.0
        },
        "SHORT": {
          "count": 0,
          "last_recognition": 0.0,
          "last_reward": 0.0,
          "recognition_sum": 0.0,
          "reward_sum": 0.0
        },
        "WAIT": {
          "count": 0,
          "last_recognition": 0.0,
          "last_reward": 0.0,
          "recognition_sum": 0.0,
          "reward_sum": 0.0
        }
      },
      "symbol": "dio_0ps1rry",
      "syntax_family": "dio_0ps1"
    },
    {
      "actions": {
        "LONG": {
          "caution": 0.0,
          "count": 0,
          "last_reward": 0.0,
          "last_timing_improvement": 0.0,
          "reward_sum": 0.0,
          "timing_improvement_sum": 0.0,
          "trust": 0.0
        },
        "SHORT": {
          "caution": 0.0,
          "count": 0,
          "last_reward": 0.0,
          "last_timing_improvement": 0.0,
          "reward_sum": 0.0,
          "timing_improvement_sum": 0.0,
          "trust": 0.0
        },
        "WAIT": {
          "caution": 0.0,
          "count": 2,
          "last_reward": 0.0,
          "last_timing_improvement": 0.0,
          "reward_sum": 0.0,
          "timing_improvement_sum": 0.0,
          "trust": 0.0
        }
      },
      "count": 2,
      "observations": {
        "LONG": {
          "count": 2,
          "last_recognition": 0.4224339647354099,
          "last_reward": 1.0,
          "recognition_sum": 0.8448679294708198,
          "reward_sum": 2.0
        },
        "SHORT": {
          "count": 0,
          "last_recognition": 0.0,
          "last_reward": 0.0,
          "recognition_sum": 0.0,
          "reward_sum": 0.0
        },
        "WAIT": {
          "count": 0,
          "last_recognition": 0.0,
          "last_reward": 0.0,
          "recognition_sum": 0.0,
          "reward_sum": 0.0
        }
      },
      "symbol": "dio_0bmhp4f",
      "syntax_family": "dio_0bmh"
    }
  ],
  "mini_neuro_tones": {
    "focus_tone": 12,
    "observation_tone": 6
  },
  "observation_learning_events": 18,
  "outcome_events": {
    "NO_TRADE": 18
  },
  "passive_inner_awareness_contexts": {
    "inner_action_trust_seed": 2,
    "inner_cautious_potential": 8,
    "inner_open_potential": 2,
    "unloaded": 6
  },
  "passive_inner_awareness_memory_loaded": true,
  "passive_world_label": "probe17",
  "passive_world_mean_avg_carried_cos": 0.27429,
  "passive_world_mean_avg_carry": 0.178789,
  "passive_world_memory_loaded": true,
  "reflection_contexts": {
    "reflection_context_carried": 1,
    "reflection_context_cautious": 17
  },
  "run": 2,
  "short_trades": 0,
  "sl_hits": 0,
  "timeout_trades": 0,
  "top_symbols": [
    {
      "count": 1,
      "symbol": "dio_1c6be9z"
    },
    {
      "count": 1,
      "symbol": "dio_1d1z7n5"
    },
    {
      "count": 1,
      "symbol": "dio_10dkbdg"
    },
    {
      "count": 1,
      "symbol": "dio_1d3rtjg"
    },
    {
      "count": 1,
      "symbol": "dio_0n9edet"
    },
    {
      "count": 1,
      "symbol": "dio_0ofox8n"
    },
    {
      "count": 1,
      "symbol": "dio_0ps1rry"
    },
    {
      "count": 1,
      "symbol": "dio_0bmhp4f"
    }
  ],
  "total_reward": 0.0,
  "tp_hits": 0,
  "trades": 0,
  "unique_symbols": 18,
  "waits": 18
}
