DIO_MINI RUN 1 | trades=0 reward=0.0000 avg=0.0000 symbols=18
DIO_MINI RUN 2 | trades=0 reward=0.0000 avg=0.0000 symbols=18
{
  "actionable_seen": 18,
  "avg_associative_trade": 0.0,
  "avg_mature_transfer": 0.0,
  "avg_maturity_gap": 0.0,
  "avg_mini_afterimage": 0.0,
  "avg_mini_neuro_balance": 0.060844189716194985,
  "avg_mini_neuro_load": 0.2290297795358805,
  "avg_mini_neuro_support": 0.2898739692520755,
  "avg_mini_temporal_caution_support": 0.72,
  "avg_mini_temporal_trust_support": 0.0,
  "avg_observation_learning_pressure": 0.46145257765100034,
  "avg_observation_trade_readiness": 0.005581674148287971,
  "avg_observation_trade_signal": 0.050742492257163374,
  "avg_reflection_context_alignment": 0.9225625133602097,
  "avg_reflection_context_carry": 0.2702212513821226,
  "avg_reflection_context_strain": 0.25239752481737165,
  "avg_reward": 0.0,
  "avg_trade_readiness": 0.005581674148287971,
  "both_touched_trades": 0,
  "candles": 24,
  "correct_action_when_actionable": 0,
  "data_path": "data\\kontrolliert_sensor_relation_probe14_self_awareness_shift_2episoden_5m_SOLUSDT.csv",
  "episodes": 18,
  "family_top": [
    {
      "actions": {
        "LONG": {
          "caution": 0.0,
          "count": 0,
          "last_reward": 0.0,
          "last_timing_improvement": 0.0,
          "reward_sum": 0.0,
          "timing_improvement_sum": 0.0,
          "trust": 0.0
        },
        "SHORT": {
          "caution": 0.0,
          "count": 0,
          "last_reward": 0.0,
          "last_timing_improvement": 0.0,
          "reward_sum": 0.0,
          "timing_improvement_sum": 0.0,
          "trust": 0.0
        },
        "WAIT": {
          "caution": 0.0,
          "count": 2,
          "last_reward": 0.0,
          "last_timing_improvement": 0.0,
          "reward_sum": 0.0,
          "timing_improvement_sum": 0.0,
          "trust": 0.0
        }
      },
      "count": 2,
      "family": "dio_1rv1",
      "observations": {
        "LONG": {
          "count": 2,
          "last_recognition": 0.540211236040105,
          "last_reward": 1.0,
          "recognition_sum": 1.08042247208021,
          "reward_sum": 2.0
        },
        "SHORT": {
          "count": 0,
          "last_recognition": 0.0,
          "last_reward": 0.0,
          "recognition_sum": 0.0,
          "reward_sum": 0.0
        },
        "WAIT": {
          "count": 0,
          "last_recognition": 0.0,
          "last_reward": 0.0,
          "recognition_sum": 0.0,
          "reward_sum": 0.0
        }
      }
    },
    {
      "actions": {
        "LONG": {
          "caution": 0.0,
          "count": 0,
          "last_reward": 0.0,
          "last_timing_improvement": 0.0,
          "reward_sum": 0.0,
          "timing_improvement_sum": 0.0,
          "trust": 0.0
        },
        "SHORT": {
          "caution": 0.0,
          "count": 0,
          "last_reward": 0.0,
          "last_timing_improvement": 0.0,
          "reward_sum": 0.0,
          "timing_improvement_sum": 0.0,
          "trust": 0.0
        },
        "WAIT": {
          "caution": 0.0,
          "count": 2,
          "last_reward": 0.0,
          "last_timing_improvement": 0.0,
          "reward_sum": 0.0,
          "timing_improvement_sum": 0.0,
          "trust": 0.0
        }
      },
      "count": 2,
      "family": "dio_0qze",
      "observations": {
        "LONG": {
          "count": 2,
          "last_recognition": 0.5495826629695565,
          "last_reward": 1.0,
          "recognition_sum": 1.099165325939113,
          "reward_sum": 2.0
        },
        "SHORT": {
          "count": 0,
          "last_recognition": 0.0,
          "last_reward": 0.0,
          "recognition_sum": 0.0,
          "reward_sum": 0.0
        },
        "WAIT": {
          "count": 0,
          "last_recognition": 0.0,
          "last_reward": 0.0,
          "recognition_sum": 0.0,
          "reward_sum": 0.0
        }
      }
    },
    {
      "actions": {
        "LONG": {
          "caution": 0.0,
          "count": 0,
          "last_reward": 0.0,
          "last_timing_improvement": 0.0,
          "reward_sum": 0.0,
          "timing_improvement_sum": 0.0,
          "trust": 0.0
        },
        "SHORT": {
          "caution": 0.0,
          "count": 0,
          "last_reward": 0.0,
          "last_timing_improvement": 0.0,
          "reward_sum": 0.0,
          "timing_improvement_sum": 0.0,
          "trust": 0.0
        },
        "WAIT": {
          "caution": 0.0,
          "count": 2,
          "last_reward": 0.0,
          "last_timing_improvement": 0.0,
          "reward_sum": 0.0,
          "timing_improvement_sum": 0.0,
          "trust": 0.0
        }
      },
      "count": 2,
      "family": "dio_1guc",
      "observations": {
        "LONG": {
          "count": 2,
          "last_recognition": 0.5471417097075401,
          "last_reward": 1.0,
          "recognition_sum": 1.0942834194150801,
          "reward_sum": 2.0
        },
        "SHORT": {
          "count": 0,
          "last_recognition": 0.0,
          "last_reward": 0.0,
          "recognition_sum": 0.0,
          "reward_sum": 0.0
        },
        "WAIT": {
          "count": 0,
          "last_recognition": 0.0,
          "last_reward": 0.0,
          "recognition_sum": 0.0,
          "reward_sum": 0.0
        }
      }
    },
    {
      "actions": {
        "LONG": {
          "caution": 0.0,
          "count": 0,
          "last_reward": 0.0,
          "last_timing_improvement": 0.0,
          "reward_sum": 0.0,
          "timing_improvement_sum": 0.0,
          "trust": 0.0
        },
        "SHORT": {
          "caution": 0.0,
          "count": 0,
          "last_reward": 0.0,
          "last_timing_improvement": 0.0,
          "reward_sum": 0.0,
          "timing_improvement_sum": 0.0,
          "trust": 0.0
        },
        "WAIT": {
          "caution": 0.0,
          "count": 2,
          "last_reward": 0.0,
          "last_timing_improvement": 0.0,
          "reward_sum": 0.0,
          "timing_improvement_sum": 0.0,
          "trust": 0.0
        }
      },
      "count": 2,
      "family": "dio_1t1w",
      "observations": {
        "LONG": {
          "count": 2,
          "last_recognition": 0.5791652425250754,
          "last_reward": 1.0,
          "recognition_sum": 1.1583304850501508,
          "reward_sum": 2.0
        },
        "SHORT": {
          "count": 0,
          "last_recognition": 0.0,
          "last_reward": 0.0,
          "recognition_sum": 0.0,
          "reward_sum": 0.0
        },
        "WAIT": {
          "count": 0,
          "last_recognition": 0.0,
          "last_reward": 0.0,
          "recognition_sum": 0.0,
          "reward_sum": 0.0
        }
      }
    },
    {
      "actions": {
        "LONG": {
          "caution": 0.0,
          "count": 0,
          "last_reward": 0.0,
          "last_timing_improvement": 0.0,
          "reward_sum": 0.0,
          "timing_improvement_sum": 0.0,
          "trust": 0.0
        },
        "SHORT": {
          "caution": 0.0,
          "count": 0,
          "last_reward": 0.0,
          "last_timing_improvement": 0.0,
          "reward_sum": 0.0,
          "timing_improvement_sum": 0.0,
          "trust": 0.0
        },
        "WAIT": {
          "caution": 0.0,
          "count": 2,
          "last_reward": 0.0,
          "last_timing_improvement": 0.0,
          "reward_sum": 0.0,
          "timing_improvement_sum": 0.0,
          "trust": 0.0
        }
      },
      "count": 2,
      "family": "dio_0b66",
      "observations": {
        "LONG": {
          "count": 0,
          "last_recognition": 0.0,
          "last_reward": 0.0,
          "recognition_sum": 0.0,
          "reward_sum": 0.0
        },
        "SHORT": {
          "count": 2,
          "last_recognition": 0.6049359044541132,
          "last_reward": 1.0,
          "recognition_sum": 1.2098718089082263,
          "reward_sum": 2.0
        },
        "WAIT": {
          "count": 0,
          "last_recognition": 0.0,
          "last_reward": 0.0,
          "recognition_sum": 0.0,
          "reward_sum": 0.0
        }
      }
    },
    {
      "actions": {
        "LONG": {
          "caution": 0.0,
          "count": 0,
          "last_reward": 0.0,
          "last_timing_improvement": 0.0,
          "reward_sum": 0.0,
          "timing_improvement_sum": 0.0,
          "trust": 0.0
        },
        "SHORT": {
          "caution": 0.0,
          "count": 0,
          "last_reward": 0.0,
          "last_timing_improvement": 0.0,
          "reward_sum": 0.0,
          "timing_improvement_sum": 0.0,
          "trust": 0.0
        },
        "WAIT": {
          "caution": 0.0,
          "count": 2,
          "last_reward": 0.0,
          "last_timing_improvement": 0.0,
          "reward_sum": 0.0,
          "timing_improvement_sum": 0.0,
          "trust": 0.0
        }
      },
      "count": 2,
      "family": "dio_0hd3",
      "observations": {
        "LONG": {
          "count": 0,
          "last_recognition": 0.0,
          "last_reward": 0.0,
          "recognition_sum": 0.0,
          "reward_sum": 0.0
        },
        "SHORT": {
          "count": 2,
          "last_recognition": 0.6235310728302093,
          "last_reward": 1.0,
          "recognition_sum": 1.2470621456604185,
          "reward_sum": 2.0
        },
        "WAIT": {
          "count": 0,
          "last_recognition": 0.0,
          "last_reward": 0.0,
          "recognition_sum": 0.0,
          "reward_sum": 0.0
        }
      }
    },
    {
      "actions": {
        "LONG": {
          "caution": 0.0,
          "count": 0,
          "last_reward": 0.0,
          "last_timing_improvement": 0.0,
          "reward_sum": 0.0,
          "timing_improvement_sum": 0.0,
          "trust": 0.0
        },
        "SHORT": {
          "caution": 0.0,
          "count": 0,
          "last_reward": 0.0,
          "last_timing_improvement": 0.0,
          "reward_sum": 0.0,
          "timing_improvement_sum": 0.0,
          "trust": 0.0
        },
        "WAIT": {
          "caution": 0.0,
          "count": 2,
          "last_reward": 0.0,
          "last_timing_improvement": 0.0,
          "reward_sum": 0.0,
          "timing_improvement_sum": 0.0,
          "trust": 0.0
        }
      },
      "count": 2,
      "family": "dio_0xpt",
      "observations": {
        "LONG": {
          "count": 0,
          "last_recognition": 0.0,
          "last_reward": 0.0,
          "recognition_sum": 0.0,
          "reward_sum": 0.0
        },
        "SHORT": {
          "count": 2,
          "last_recognition": 0.4009463706964439,
          "last_reward": 1.0,
          "recognition_sum": 0.8018927413928878,
          "reward_sum": 2.0
        },
        "WAIT": {
          "count": 0,
          "last_recognition": 0.0,
          "last_reward": 0.0,
          "recognition_sum": 0.0,
          "reward_sum": 0.0
        }
      }
    },
    {
      "actions": {
        "LONG": {
          "caution": 0.0,
          "count": 0,
          "last_reward": 0.0,
          "last_timing_improvement": 0.0,
          "reward_sum": 0.0,
          "timing_improvement_sum": 0.0,
          "trust": 0.0
        },
        "SHORT": {
          "caution": 0.0,
          "count": 0,
          "last_reward": 0.0,
          "last_timing_improvement": 0.0,
          "reward_sum": 0.0,
          "timing_improvement_sum": 0.0,
          "trust": 0.0
        },
        "WAIT": {
          "caution": 0.0,
          "count": 2,
          "last_reward": 0.0,
          "last_timing_improvement": 0.0,
          "reward_sum": 0.0,
          "timing_improvement_sum": 0.0,
          "trust": 0.0
        }
      },
      "count": 2,
      "family": "dio_0be3",
      "observations": {
        "LONG": {
          "count": 0,
          "last_recognition": 0.0,
          "last_reward": 0.0,
          "recognition_sum": 0.0,
          "reward_sum": 0.0
        },
        "SHORT": {
          "count": 2,
          "last_recognition": 0.2310914560015367,
          "last_reward": 1.0,
          "recognition_sum": 0.4621829120030734,
          "reward_sum": 2.0
        },
        "WAIT": {
          "count": 0,
          "last_recognition": 0.0,
          "last_reward": 0.0,
          "recognition_sum": 0.0,
          "reward_sum": 0.0
        }
      }
    }
  ],
  "long_trades": 0,
  "max_associative_trade": 0.0,
  "max_mature_transfer": 0.0,
  "max_maturity_gap": 0.0,
  "max_mini_afterimage": 0.0,
  "max_mini_neuro_balance": 0.19760340598102105,
  "max_mini_neuro_load": 0.28300687591872564,
  "max_mini_neuro_support": 0.36364888517931804,
  "max_mini_temporal_caution_support": 0.72,
  "max_mini_temporal_trust_support": 0.0,
  "max_observation_learning_pressure": 0.6493686300503176,
  "max_observation_trade_readiness": 0.008573552251415378,
  "max_observation_trade_signal": 0.07794138410377616,
  "max_reflection_context_alignment": 0.9870035536185586,
  "max_reflection_context_carry": 0.3056527138317337,
  "max_reflection_context_strain": 0.2745868535988105,
  "max_trade_readiness": 0.008573552251415378,
  "memory_top": [
    {
      "actions": {
        "LONG": {
          "caution": 0.0,
          "count": 0,
          "last_reward": 0.0,
          "last_timing_improvement": 0.0,
          "reward_sum": 0.0,
          "timing_improvement_sum": 0.0,
          "trust": 0.0
        },
        "SHORT": {
          "caution": 0.0,
          "count": 0,
          "last_reward": 0.0,
          "last_timing_improvement": 0.0,
          "reward_sum": 0.0,
          "timing_improvement_sum": 0.0,
          "trust": 0.0
        },
        "WAIT": {
          "caution": 0.0,
          "count": 2,
          "last_reward": 0.0,
          "last_timing_improvement": 0.0,
          "reward_sum": 0.0,
          "timing_improvement_sum": 0.0,
          "trust": 0.0
        }
      },
      "count": 2,
      "observations": {
        "LONG": {
          "count": 2,
          "last_recognition": 0.540211236040105,
          "last_reward": 1.0,
          "recognition_sum": 1.08042247208021,
          "reward_sum": 2.0
        },
        "SHORT": {
          "count": 0,
          "last_recognition": 0.0,
          "last_reward": 0.0,
          "recognition_sum": 0.0,
          "reward_sum": 0.0
        },
        "WAIT": {
          "count": 0,
          "last_recognition": 0.0,
          "last_reward": 0.0,
          "recognition_sum": 0.0,
          "reward_sum": 0.0
        }
      },
      "symbol": "dio_1rv13no",
      "syntax_family": "dio_1rv1"
    },
    {
      "actions": {
        "LONG": {
          "caution": 0.0,
          "count": 0,
          "last_reward": 0.0,
          "last_timing_improvement": 0.0,
          "reward_sum": 0.0,
          "timing_improvement_sum": 0.0,
          "trust": 0.0
        },
        "SHORT": {
          "caution": 0.0,
          "count": 0,
          "last_reward": 0.0,
          "last_timing_improvement": 0.0,
          "reward_sum": 0.0,
          "timing_improvement_sum": 0.0,
          "trust": 0.0
        },
        "WAIT": {
          "caution": 0.0,
          "count": 2,
          "last_reward": 0.0,
          "last_timing_improvement": 0.0,
          "reward_sum": 0.0,
          "timing_improvement_sum": 0.0,
          "trust": 0.0
        }
      },
      "count": 2,
      "observations": {
        "LONG": {
          "count": 2,
          "last_recognition": 0.5495826629695565,
          "last_reward": 1.0,
          "recognition_sum": 1.099165325939113,
          "reward_sum": 2.0
        },
        "SHORT": {
          "count": 0,
          "last_recognition": 0.0,
          "last_reward": 0.0,
          "recognition_sum": 0.0,
          "reward_sum": 0.0
        },
        "WAIT": {
          "count": 0,
          "last_recognition": 0.0,
          "last_reward": 0.0,
          "recognition_sum": 0.0,
          "reward_sum": 0.0
        }
      },
      "symbol": "dio_0qze2dp",
      "syntax_family": "dio_0qze"
    },
    {
      "actions": {
        "LONG": {
          "caution": 0.0,
          "count": 0,
          "last_reward": 0.0,
          "last_timing_improvement": 0.0,
          "reward_sum": 0.0,
          "timing_improvement_sum": 0.0,
          "trust": 0.0
        },
        "SHORT": {
          "caution": 0.0,
          "count": 0,
          "last_reward": 0.0,
          "last_timing_improvement": 0.0,
          "reward_sum": 0.0,
          "timing_improvement_sum": 0.0,
          "trust": 0.0
        },
        "WAIT": {
          "caution": 0.0,
          "count": 2,
          "last_reward": 0.0,
          "last_timing_improvement": 0.0,
          "reward_sum": 0.0,
          "timing_improvement_sum": 0.0,
          "trust": 0.0
        }
      },
      "count": 2,
      "observations": {
        "LONG": {
          "count": 2,
          "last_recognition": 0.5471417097075401,
          "last_reward": 1.0,
          "recognition_sum": 1.0942834194150801,
          "reward_sum": 2.0
        },
        "SHORT": {
          "count": 0,
          "last_recognition": 0.0,
          "last_reward": 0.0,
          "recognition_sum": 0.0,
          "reward_sum": 0.0
        },
        "WAIT": {
          "count": 0,
          "last_recognition": 0.0,
          "last_reward": 0.0,
          "recognition_sum": 0.0,
          "reward_sum": 0.0
        }
      },
      "symbol": "dio_1guc9eq",
      "syntax_family": "dio_1guc"
    },
    {
      "actions": {
        "LONG": {
          "caution": 0.0,
          "count": 0,
          "last_reward": 0.0,
          "last_timing_improvement": 0.0,
          "reward_sum": 0.0,
          "timing_improvement_sum": 0.0,
          "trust": 0.0
        },
        "SHORT": {
          "caution": 0.0,
          "count": 0,
          "last_reward": 0.0,
          "last_timing_improvement": 0.0,
          "reward_sum": 0.0,
          "timing_improvement_sum": 0.0,
          "trust": 0.0
        },
        "WAIT": {
          "caution": 0.0,
          "count": 2,
          "last_reward": 0.0,
          "last_timing_improvement": 0.0,
          "reward_sum": 0.0,
          "timing_improvement_sum": 0.0,
          "trust": 0.0
        }
      },
      "count": 2,
      "observations": {
        "LONG": {
          "count": 2,
          "last_recognition": 0.5791652425250754,
          "last_reward": 1.0,
          "recognition_sum": 1.1583304850501508,
          "reward_sum": 2.0
        },
        "SHORT": {
          "count": 0,
          "last_recognition": 0.0,
          "last_reward": 0.0,
          "recognition_sum": 0.0,
          "reward_sum": 0.0
        },
        "WAIT": {
          "count": 0,
          "last_recognition": 0.0,
          "last_reward": 0.0,
          "recognition_sum": 0.0,
          "reward_sum": 0.0
        }
      },
      "symbol": "dio_1t1wbqf",
      "syntax_family": "dio_1t1w"
    },
    {
      "actions": {
        "LONG": {
          "caution": 0.0,
          "count": 0,
          "last_reward": 0.0,
          "last_timing_improvement": 0.0,
          "reward_sum": 0.0,
          "timing_improvement_sum": 0.0,
          "trust": 0.0
        },
        "SHORT": {
          "caution": 0.0,
          "count": 0,
          "last_reward": 0.0,
          "last_timing_improvement": 0.0,
          "reward_sum": 0.0,
          "timing_improvement_sum": 0.0,
          "trust": 0.0
        },
        "WAIT": {
          "caution": 0.0,
          "count": 2,
          "last_reward": 0.0,
          "last_timing_improvement": 0.0,
          "reward_sum": 0.0,
          "timing_improvement_sum": 0.0,
          "trust": 0.0
        }
      },
      "count": 2,
      "observations": {
        "LONG": {
          "count": 0,
          "last_recognition": 0.0,
          "last_reward": 0.0,
          "recognition_sum": 0.0,
          "reward_sum": 0.0
        },
        "SHORT": {
          "count": 2,
          "last_recognition": 0.6049359044541132,
          "last_reward": 1.0,
          "recognition_sum": 1.2098718089082263,
          "reward_sum": 2.0
        },
        "WAIT": {
          "count": 0,
          "last_recognition": 0.0,
          "last_reward": 0.0,
          "recognition_sum": 0.0,
          "reward_sum": 0.0
        }
      },
      "symbol": "dio_0b66us7",
      "syntax_family": "dio_0b66"
    },
    {
      "actions": {
        "LONG": {
          "caution": 0.0,
          "count": 0,
          "last_reward": 0.0,
          "last_timing_improvement": 0.0,
          "reward_sum": 0.0,
          "timing_improvement_sum": 0.0,
          "trust": 0.0
        },
        "SHORT": {
          "caution": 0.0,
          "count": 0,
          "last_reward": 0.0,
          "last_timing_improvement": 0.0,
          "reward_sum": 0.0,
          "timing_improvement_sum": 0.0,
          "trust": 0.0
        },
        "WAIT": {
          "caution": 0.0,
          "count": 2,
          "last_reward": 0.0,
          "last_timing_improvement": 0.0,
          "reward_sum": 0.0,
          "timing_improvement_sum": 0.0,
          "trust": 0.0
        }
      },
      "count": 2,
      "observations": {
        "LONG": {
          "count": 0,
          "last_recognition": 0.0,
          "last_reward": 0.0,
          "recognition_sum": 0.0,
          "reward_sum": 0.0
        },
        "SHORT": {
          "count": 2,
          "last_recognition": 0.6235310728302093,
          "last_reward": 1.0,
          "recognition_sum": 1.2470621456604185,
          "reward_sum": 2.0
        },
        "WAIT": {
          "count": 0,
          "last_recognition": 0.0,
          "last_reward": 0.0,
          "recognition_sum": 0.0,
          "reward_sum": 0.0
        }
      },
      "symbol": "dio_0hd3xl3",
      "syntax_family": "dio_0hd3"
    },
    {
      "actions": {
        "LONG": {
          "caution": 0.0,
          "count": 0,
          "last_reward": 0.0,
          "last_timing_improvement": 0.0,
          "reward_sum": 0.0,
          "timing_improvement_sum": 0.0,
          "trust": 0.0
        },
        "SHORT": {
          "caution": 0.0,
          "count": 0,
          "last_reward": 0.0,
          "last_timing_improvement": 0.0,
          "reward_sum": 0.0,
          "timing_improvement_sum": 0.0,
          "trust": 0.0
        },
        "WAIT": {
          "caution": 0.0,
          "count": 2,
          "last_reward": 0.0,
          "last_timing_improvement": 0.0,
          "reward_sum": 0.0,
          "timing_improvement_sum": 0.0,
          "trust": 0.0
        }
      },
      "count": 2,
      "observations": {
        "LONG": {
          "count": 0,
          "last_recognition": 0.0,
          "last_reward": 0.0,
          "recognition_sum": 0.0,
          "reward_sum": 0.0
        },
        "SHORT": {
          "count": 2,
          "last_recognition": 0.4009463706964439,
          "last_reward": 1.0,
          "recognition_sum": 0.8018927413928878,
          "reward_sum": 2.0
        },
        "WAIT": {
          "count": 0,
          "last_recognition": 0.0,
          "last_reward": 0.0,
          "recognition_sum": 0.0,
          "reward_sum": 0.0
        }
      },
      "symbol": "dio_0xptrw5",
      "syntax_family": "dio_0xpt"
    },
    {
      "actions": {
        "LONG": {
          "caution": 0.0,
          "count": 0,
          "last_reward": 0.0,
          "last_timing_improvement": 0.0,
          "reward_sum": 0.0,
          "timing_improvement_sum": 0.0,
          "trust": 0.0
        },
        "SHORT": {
          "caution": 0.0,
          "count": 0,
          "last_reward": 0.0,
          "last_timing_improvement": 0.0,
          "reward_sum": 0.0,
          "timing_improvement_sum": 0.0,
          "trust": 0.0
        },
        "WAIT": {
          "caution": 0.0,
          "count": 2,
          "last_reward": 0.0,
          "last_timing_improvement": 0.0,
          "reward_sum": 0.0,
          "timing_improvement_sum": 0.0,
          "trust": 0.0
        }
      },
      "count": 2,
      "observations": {
        "LONG": {
          "count": 0,
          "last_recognition": 0.0,
          "last_reward": 0.0,
          "recognition_sum": 0.0,
          "reward_sum": 0.0
        },
        "SHORT": {
          "count": 2,
          "last_recognition": 0.2310914560015367,
          "last_reward": 1.0,
          "recognition_sum": 0.4621829120030734,
          "reward_sum": 2.0
        },
        "WAIT": {
          "count": 0,
          "last_recognition": 0.0,
          "last_reward": 0.0,
          "recognition_sum": 0.0,
          "reward_sum": 0.0
        }
      },
      "symbol": "dio_0be39ws",
      "syntax_family": "dio_0be3"
    }
  ],
  "mini_neuro_tones": {
    "focus_tone": 14,
    "observation_tone": 4
  },
  "observation_learning_events": 18,
  "outcome_events": {
    "NO_TRADE": 18
  },
  "passive_inner_awareness_contexts": {
    "inner_cautious_potential": 4,
    "inner_context_dependent_withholding": 1,
    "inner_overcautious_carrying_pressure": 13
  },
  "passive_inner_awareness_memory_loaded": true,
  "passive_world_label": "probe14",
  "passive_world_mean_avg_carried_cos": 0.55485,
  "passive_world_mean_avg_carry": 0.21717,
  "passive_world_memory_loaded": true,
  "reflection_contexts": {
    "reflection_context_carried": 12,
    "reflection_context_cautious": 6
  },
  "run": 2,
  "short_trades": 0,
  "sl_hits": 0,
  "timeout_trades": 0,
  "top_symbols": [
    {
      "count": 1,
      "symbol": "dio_1rv13no"
    },
    {
      "count": 1,
      "symbol": "dio_0qze2dp"
    },
    {
      "count": 1,
      "symbol": "dio_1guc9eq"
    },
    {
      "count": 1,
      "symbol": "dio_1t1wbqf"
    },
    {
      "count": 1,
      "symbol": "dio_0b66us7"
    },
    {
      "count": 1,
      "symbol": "dio_0hd3xl3"
    },
    {
      "count": 1,
      "symbol": "dio_0xptrw5"
    },
    {
      "count": 1,
      "symbol": "dio_0be39ws"
    }
  ],
  "total_reward": 0.0,
  "tp_hits": 0,
  "trades": 0,
  "unique_symbols": 18,
  "waits": 18
}
