DIO_MINI RUN 1 | trades=0 reward=0.0000 avg=0.0000 symbols=18
DIO_MINI RUN 2 | trades=0 reward=0.0000 avg=0.0000 symbols=18
{
  "actionable_seen": 18,
  "avg_associative_trade": 0.0,
  "avg_mature_transfer": 0.0,
  "avg_maturity_gap": 0.0,
  "avg_mini_afterimage": 0.0,
  "avg_mini_neuro_balance": 0.07501984061142136,
  "avg_mini_neuro_load": 0.21150737292562857,
  "avg_mini_neuro_support": 0.28652721353704996,
  "avg_mini_temporal_caution_support": 0.72,
  "avg_mini_temporal_trust_support": 0.0,
  "avg_observation_learning_pressure": 0.4330819549307901,
  "avg_observation_trade_readiness": 0.005622213865571766,
  "avg_observation_trade_signal": 0.05111103514156151,
  "avg_reflection_context_alignment": 0.9447403047279787,
  "avg_reflection_context_carry": 0.20256764900573823,
  "avg_reflection_context_strain": 0.263522656299967,
  "avg_reward": 0.0,
  "avg_trade_readiness": 0.005622213865571766,
  "both_touched_trades": 0,
  "candles": 24,
  "correct_action_when_actionable": 0,
  "data_path": "data\\kontrolliert_sensor_relation_probe18_self_awareness_recovery_variation_2episoden_5m_SOLUSDT.csv",
  "episodes": 18,
  "family_top": [
    {
      "actions": {
        "LONG": {
          "caution": 0.0,
          "count": 0,
          "last_reward": 0.0,
          "last_timing_improvement": 0.0,
          "reward_sum": 0.0,
          "timing_improvement_sum": 0.0,
          "trust": 0.0
        },
        "SHORT": {
          "caution": 0.0,
          "count": 0,
          "last_reward": 0.0,
          "last_timing_improvement": 0.0,
          "reward_sum": 0.0,
          "timing_improvement_sum": 0.0,
          "trust": 0.0
        },
        "WAIT": {
          "caution": 0.0,
          "count": 2,
          "last_reward": 0.0,
          "last_timing_improvement": 0.0,
          "reward_sum": 0.0,
          "timing_improvement_sum": 0.0,
          "trust": 0.0
        }
      },
      "count": 2,
      "family": "dio_1txv",
      "observations": {
        "LONG": {
          "count": 0,
          "last_recognition": 0.0,
          "last_reward": 0.0,
          "recognition_sum": 0.0,
          "reward_sum": 0.0
        },
        "SHORT": {
          "count": 2,
          "last_recognition": 0.5387916578810494,
          "last_reward": 1.0,
          "recognition_sum": 1.0775833157620989,
          "reward_sum": 2.0
        },
        "WAIT": {
          "count": 0,
          "last_recognition": 0.0,
          "last_reward": 0.0,
          "recognition_sum": 0.0,
          "reward_sum": 0.0
        }
      }
    },
    {
      "actions": {
        "LONG": {
          "caution": 0.0,
          "count": 0,
          "last_reward": 0.0,
          "last_timing_improvement": 0.0,
          "reward_sum": 0.0,
          "timing_improvement_sum": 0.0,
          "trust": 0.0
        },
        "SHORT": {
          "caution": 0.0,
          "count": 0,
          "last_reward": 0.0,
          "last_timing_improvement": 0.0,
          "reward_sum": 0.0,
          "timing_improvement_sum": 0.0,
          "trust": 0.0
        },
        "WAIT": {
          "caution": 0.0,
          "count": 2,
          "last_reward": 0.0,
          "last_timing_improvement": 0.0,
          "reward_sum": 0.0,
          "timing_improvement_sum": 0.0,
          "trust": 0.0
        }
      },
      "count": 2,
      "family": "dio_16yc",
      "observations": {
        "LONG": {
          "count": 0,
          "last_recognition": 0.0,
          "last_reward": 0.0,
          "recognition_sum": 0.0,
          "reward_sum": 0.0
        },
        "SHORT": {
          "count": 2,
          "last_recognition": 0.21300056432514627,
          "last_reward": 1.0,
          "recognition_sum": 0.42600112865029255,
          "reward_sum": 2.0
        },
        "WAIT": {
          "count": 0,
          "last_recognition": 0.0,
          "last_reward": 0.0,
          "recognition_sum": 0.0,
          "reward_sum": 0.0
        }
      }
    },
    {
      "actions": {
        "LONG": {
          "caution": 0.0,
          "count": 0,
          "last_reward": 0.0,
          "last_timing_improvement": 0.0,
          "reward_sum": 0.0,
          "timing_improvement_sum": 0.0,
          "trust": 0.0
        },
        "SHORT": {
          "caution": 0.0,
          "count": 0,
          "last_reward": 0.0,
          "last_timing_improvement": 0.0,
          "reward_sum": 0.0,
          "timing_improvement_sum": 0.0,
          "trust": 0.0
        },
        "WAIT": {
          "caution": 0.0,
          "count": 2,
          "last_reward": 0.0,
          "last_timing_improvement": 0.0,
          "reward_sum": 0.0,
          "timing_improvement_sum": 0.0,
          "trust": 0.0
        }
      },
      "count": 2,
      "family": "dio_1g2t",
      "observations": {
        "LONG": {
          "count": 0,
          "last_recognition": 0.0,
          "last_reward": 0.0,
          "recognition_sum": 0.0,
          "reward_sum": 0.0
        },
        "SHORT": {
          "count": 2,
          "last_recognition": 0.3483368251191041,
          "last_reward": 1.0,
          "recognition_sum": 0.6966736502382082,
          "reward_sum": 2.0
        },
        "WAIT": {
          "count": 0,
          "last_recognition": 0.0,
          "last_reward": 0.0,
          "recognition_sum": 0.0,
          "reward_sum": 0.0
        }
      }
    },
    {
      "actions": {
        "LONG": {
          "caution": 0.0,
          "count": 0,
          "last_reward": 0.0,
          "last_timing_improvement": 0.0,
          "reward_sum": 0.0,
          "timing_improvement_sum": 0.0,
          "trust": 0.0
        },
        "SHORT": {
          "caution": 0.0,
          "count": 0,
          "last_reward": 0.0,
          "last_timing_improvement": 0.0,
          "reward_sum": 0.0,
          "timing_improvement_sum": 0.0,
          "trust": 0.0
        },
        "WAIT": {
          "caution": 0.0,
          "count": 2,
          "last_reward": 0.0,
          "last_timing_improvement": 0.0,
          "reward_sum": 0.0,
          "timing_improvement_sum": 0.0,
          "trust": 0.0
        }
      },
      "count": 2,
      "family": "dio_0fiy",
      "observations": {
        "LONG": {
          "count": 0,
          "last_recognition": 0.0,
          "last_reward": 0.0,
          "recognition_sum": 0.0,
          "reward_sum": 0.0
        },
        "SHORT": {
          "count": 2,
          "last_recognition": 0.4312639128929165,
          "last_reward": 1.0,
          "recognition_sum": 0.862527825785833,
          "reward_sum": 2.0
        },
        "WAIT": {
          "count": 0,
          "last_recognition": 0.0,
          "last_reward": 0.0,
          "recognition_sum": 0.0,
          "reward_sum": 0.0
        }
      }
    },
    {
      "actions": {
        "LONG": {
          "caution": 0.0,
          "count": 0,
          "last_reward": 0.0,
          "last_timing_improvement": 0.0,
          "reward_sum": 0.0,
          "timing_improvement_sum": 0.0,
          "trust": 0.0
        },
        "SHORT": {
          "caution": 0.0,
          "count": 0,
          "last_reward": 0.0,
          "last_timing_improvement": 0.0,
          "reward_sum": 0.0,
          "timing_improvement_sum": 0.0,
          "trust": 0.0
        },
        "WAIT": {
          "caution": 0.0,
          "count": 2,
          "last_reward": 0.0,
          "last_timing_improvement": 0.0,
          "reward_sum": 0.0,
          "timing_improvement_sum": 0.0,
          "trust": 0.0
        }
      },
      "count": 2,
      "family": "dio_0ems",
      "observations": {
        "LONG": {
          "count": 2,
          "last_recognition": 0.6116070287715589,
          "last_reward": 1.0,
          "recognition_sum": 1.2232140575431178,
          "reward_sum": 2.0
        },
        "SHORT": {
          "count": 0,
          "last_recognition": 0.0,
          "last_reward": 0.0,
          "recognition_sum": 0.0,
          "reward_sum": 0.0
        },
        "WAIT": {
          "count": 0,
          "last_recognition": 0.0,
          "last_reward": 0.0,
          "recognition_sum": 0.0,
          "reward_sum": 0.0
        }
      }
    },
    {
      "actions": {
        "LONG": {
          "caution": 0.0,
          "count": 0,
          "last_reward": 0.0,
          "last_timing_improvement": 0.0,
          "reward_sum": 0.0,
          "timing_improvement_sum": 0.0,
          "trust": 0.0
        },
        "SHORT": {
          "caution": 0.0,
          "count": 0,
          "last_reward": 0.0,
          "last_timing_improvement": 0.0,
          "reward_sum": 0.0,
          "timing_improvement_sum": 0.0,
          "trust": 0.0
        },
        "WAIT": {
          "caution": 0.0,
          "count": 2,
          "last_reward": 0.0,
          "last_timing_improvement": 0.0,
          "reward_sum": 0.0,
          "timing_improvement_sum": 0.0,
          "trust": 0.0
        }
      },
      "count": 2,
      "family": "dio_0arw",
      "observations": {
        "LONG": {
          "count": 2,
          "last_recognition": 0.4258796369261709,
          "last_reward": 1.0,
          "recognition_sum": 0.8517592738523418,
          "reward_sum": 2.0
        },
        "SHORT": {
          "count": 0,
          "last_recognition": 0.0,
          "last_reward": 0.0,
          "recognition_sum": 0.0,
          "reward_sum": 0.0
        },
        "WAIT": {
          "count": 0,
          "last_recognition": 0.0,
          "last_reward": 0.0,
          "recognition_sum": 0.0,
          "reward_sum": 0.0
        }
      }
    },
    {
      "actions": {
        "LONG": {
          "caution": 0.0,
          "count": 0,
          "last_reward": 0.0,
          "last_timing_improvement": 0.0,
          "reward_sum": 0.0,
          "timing_improvement_sum": 0.0,
          "trust": 0.0
        },
        "SHORT": {
          "caution": 0.0,
          "count": 0,
          "last_reward": 0.0,
          "last_timing_improvement": 0.0,
          "reward_sum": 0.0,
          "timing_improvement_sum": 0.0,
          "trust": 0.0
        },
        "WAIT": {
          "caution": 0.0,
          "count": 2,
          "last_reward": 0.0,
          "last_timing_improvement": 0.0,
          "reward_sum": 0.0,
          "timing_improvement_sum": 0.0,
          "trust": 0.0
        }
      },
      "count": 2,
      "family": "dio_0x1o",
      "observations": {
        "LONG": {
          "count": 2,
          "last_recognition": 0.21975647316980287,
          "last_reward": 1.0,
          "recognition_sum": 0.43951294633960575,
          "reward_sum": 2.0
        },
        "SHORT": {
          "count": 0,
          "last_recognition": 0.0,
          "last_reward": 0.0,
          "recognition_sum": 0.0,
          "reward_sum": 0.0
        },
        "WAIT": {
          "count": 0,
          "last_recognition": 0.0,
          "last_reward": 0.0,
          "recognition_sum": 0.0,
          "reward_sum": 0.0
        }
      }
    },
    {
      "actions": {
        "LONG": {
          "caution": 0.0,
          "count": 0,
          "last_reward": 0.0,
          "last_timing_improvement": 0.0,
          "reward_sum": 0.0,
          "timing_improvement_sum": 0.0,
          "trust": 0.0
        },
        "SHORT": {
          "caution": 0.0,
          "count": 0,
          "last_reward": 0.0,
          "last_timing_improvement": 0.0,
          "reward_sum": 0.0,
          "timing_improvement_sum": 0.0,
          "trust": 0.0
        },
        "WAIT": {
          "caution": 0.0,
          "count": 2,
          "last_reward": 0.0,
          "last_timing_improvement": 0.0,
          "reward_sum": 0.0,
          "timing_improvement_sum": 0.0,
          "trust": 0.0
        }
      },
      "count": 2,
      "family": "dio_0bmh",
      "observations": {
        "LONG": {
          "count": 2,
          "last_recognition": 0.4193830294599777,
          "last_reward": 1.0,
          "recognition_sum": 0.8387660589199554,
          "reward_sum": 2.0
        },
        "SHORT": {
          "count": 0,
          "last_recognition": 0.0,
          "last_reward": 0.0,
          "recognition_sum": 0.0,
          "reward_sum": 0.0
        },
        "WAIT": {
          "count": 0,
          "last_recognition": 0.0,
          "last_reward": 0.0,
          "recognition_sum": 0.0,
          "reward_sum": 0.0
        }
      }
    }
  ],
  "long_trades": 0,
  "max_associative_trade": 0.0,
  "max_mature_transfer": 0.0,
  "max_maturity_gap": 0.0,
  "max_mini_afterimage": 0.0,
  "max_mini_neuro_balance": 0.21036878212226537,
  "max_mini_neuro_load": 0.2494621728851949,
  "max_mini_neuro_support": 0.36761341240679424,
  "max_mini_temporal_caution_support": 0.72,
  "max_mini_temporal_trust_support": 0.0,
  "max_observation_learning_pressure": 0.633434368537268,
  "max_observation_trade_readiness": 0.008675367611288584,
  "max_observation_trade_signal": 0.07886697828444167,
  "max_reflection_context_alignment": 0.9970878292498926,
  "max_reflection_context_carry": 0.24294999487556368,
  "max_reflection_context_strain": 0.27729166026819324,
  "max_trade_readiness": 0.008675367611288584,
  "memory_top": [
    {
      "actions": {
        "LONG": {
          "caution": 0.0,
          "count": 0,
          "last_reward": 0.0,
          "last_timing_improvement": 0.0,
          "reward_sum": 0.0,
          "timing_improvement_sum": 0.0,
          "trust": 0.0
        },
        "SHORT": {
          "caution": 0.0,
          "count": 0,
          "last_reward": 0.0,
          "last_timing_improvement": 0.0,
          "reward_sum": 0.0,
          "timing_improvement_sum": 0.0,
          "trust": 0.0
        },
        "WAIT": {
          "caution": 0.0,
          "count": 2,
          "last_reward": 0.0,
          "last_timing_improvement": 0.0,
          "reward_sum": 0.0,
          "timing_improvement_sum": 0.0,
          "trust": 0.0
        }
      },
      "count": 2,
      "observations": {
        "LONG": {
          "count": 0,
          "last_recognition": 0.0,
          "last_reward": 0.0,
          "recognition_sum": 0.0,
          "reward_sum": 0.0
        },
        "SHORT": {
          "count": 2,
          "last_recognition": 0.5387916578810494,
          "last_reward": 1.0,
          "recognition_sum": 1.0775833157620989,
          "reward_sum": 2.0
        },
        "WAIT": {
          "count": 0,
          "last_recognition": 0.0,
          "last_reward": 0.0,
          "recognition_sum": 0.0,
          "reward_sum": 0.0
        }
      },
      "symbol": "dio_1txvf64",
      "syntax_family": "dio_1txv"
    },
    {
      "actions": {
        "LONG": {
          "caution": 0.0,
          "count": 0,
          "last_reward": 0.0,
          "last_timing_improvement": 0.0,
          "reward_sum": 0.0,
          "timing_improvement_sum": 0.0,
          "trust": 0.0
        },
        "SHORT": {
          "caution": 0.0,
          "count": 0,
          "last_reward": 0.0,
          "last_timing_improvement": 0.0,
          "reward_sum": 0.0,
          "timing_improvement_sum": 0.0,
          "trust": 0.0
        },
        "WAIT": {
          "caution": 0.0,
          "count": 2,
          "last_reward": 0.0,
          "last_timing_improvement": 0.0,
          "reward_sum": 0.0,
          "timing_improvement_sum": 0.0,
          "trust": 0.0
        }
      },
      "count": 2,
      "observations": {
        "LONG": {
          "count": 0,
          "last_recognition": 0.0,
          "last_reward": 0.0,
          "recognition_sum": 0.0,
          "reward_sum": 0.0
        },
        "SHORT": {
          "count": 2,
          "last_recognition": 0.21300056432514627,
          "last_reward": 1.0,
          "recognition_sum": 0.42600112865029255,
          "reward_sum": 2.0
        },
        "WAIT": {
          "count": 0,
          "last_recognition": 0.0,
          "last_reward": 0.0,
          "recognition_sum": 0.0,
          "reward_sum": 0.0
        }
      },
      "symbol": "dio_16yc7xq",
      "syntax_family": "dio_16yc"
    },
    {
      "actions": {
        "LONG": {
          "caution": 0.0,
          "count": 0,
          "last_reward": 0.0,
          "last_timing_improvement": 0.0,
          "reward_sum": 0.0,
          "timing_improvement_sum": 0.0,
          "trust": 0.0
        },
        "SHORT": {
          "caution": 0.0,
          "count": 0,
          "last_reward": 0.0,
          "last_timing_improvement": 0.0,
          "reward_sum": 0.0,
          "timing_improvement_sum": 0.0,
          "trust": 0.0
        },
        "WAIT": {
          "caution": 0.0,
          "count": 2,
          "last_reward": 0.0,
          "last_timing_improvement": 0.0,
          "reward_sum": 0.0,
          "timing_improvement_sum": 0.0,
          "trust": 0.0
        }
      },
      "count": 2,
      "observations": {
        "LONG": {
          "count": 0,
          "last_recognition": 0.0,
          "last_reward": 0.0,
          "recognition_sum": 0.0,
          "reward_sum": 0.0
        },
        "SHORT": {
          "count": 2,
          "last_recognition": 0.3483368251191041,
          "last_reward": 1.0,
          "recognition_sum": 0.6966736502382082,
          "reward_sum": 2.0
        },
        "WAIT": {
          "count": 0,
          "last_recognition": 0.0,
          "last_reward": 0.0,
          "recognition_sum": 0.0,
          "reward_sum": 0.0
        }
      },
      "symbol": "dio_1g2tjcp",
      "syntax_family": "dio_1g2t"
    },
    {
      "actions": {
        "LONG": {
          "caution": 0.0,
          "count": 0,
          "last_reward": 0.0,
          "last_timing_improvement": 0.0,
          "reward_sum": 0.0,
          "timing_improvement_sum": 0.0,
          "trust": 0.0
        },
        "SHORT": {
          "caution": 0.0,
          "count": 0,
          "last_reward": 0.0,
          "last_timing_improvement": 0.0,
          "reward_sum": 0.0,
          "timing_improvement_sum": 0.0,
          "trust": 0.0
        },
        "WAIT": {
          "caution": 0.0,
          "count": 2,
          "last_reward": 0.0,
          "last_timing_improvement": 0.0,
          "reward_sum": 0.0,
          "timing_improvement_sum": 0.0,
          "trust": 0.0
        }
      },
      "count": 2,
      "observations": {
        "LONG": {
          "count": 0,
          "last_recognition": 0.0,
          "last_reward": 0.0,
          "recognition_sum": 0.0,
          "reward_sum": 0.0
        },
        "SHORT": {
          "count": 2,
          "last_recognition": 0.4312639128929165,
          "last_reward": 1.0,
          "recognition_sum": 0.862527825785833,
          "reward_sum": 2.0
        },
        "WAIT": {
          "count": 0,
          "last_recognition": 0.0,
          "last_reward": 0.0,
          "recognition_sum": 0.0,
          "reward_sum": 0.0
        }
      },
      "symbol": "dio_0fiypgb",
      "syntax_family": "dio_0fiy"
    },
    {
      "actions": {
        "LONG": {
          "caution": 0.0,
          "count": 0,
          "last_reward": 0.0,
          "last_timing_improvement": 0.0,
          "reward_sum": 0.0,
          "timing_improvement_sum": 0.0,
          "trust": 0.0
        },
        "SHORT": {
          "caution": 0.0,
          "count": 0,
          "last_reward": 0.0,
          "last_timing_improvement": 0.0,
          "reward_sum": 0.0,
          "timing_improvement_sum": 0.0,
          "trust": 0.0
        },
        "WAIT": {
          "caution": 0.0,
          "count": 2,
          "last_reward": 0.0,
          "last_timing_improvement": 0.0,
          "reward_sum": 0.0,
          "timing_improvement_sum": 0.0,
          "trust": 0.0
        }
      },
      "count": 2,
      "observations": {
        "LONG": {
          "count": 2,
          "last_recognition": 0.6116070287715589,
          "last_reward": 1.0,
          "recognition_sum": 1.2232140575431178,
          "reward_sum": 2.0
        },
        "SHORT": {
          "count": 0,
          "last_recognition": 0.0,
          "last_reward": 0.0,
          "recognition_sum": 0.0,
          "reward_sum": 0.0
        },
        "WAIT": {
          "count": 0,
          "last_recognition": 0.0,
          "last_reward": 0.0,
          "recognition_sum": 0.0,
          "reward_sum": 0.0
        }
      },
      "symbol": "dio_0emsx20",
      "syntax_family": "dio_0ems"
    },
    {
      "actions": {
        "LONG": {
          "caution": 0.0,
          "count": 0,
          "last_reward": 0.0,
          "last_timing_improvement": 0.0,
          "reward_sum": 0.0,
          "timing_improvement_sum": 0.0,
          "trust": 0.0
        },
        "SHORT": {
          "caution": 0.0,
          "count": 0,
          "last_reward": 0.0,
          "last_timing_improvement": 0.0,
          "reward_sum": 0.0,
          "timing_improvement_sum": 0.0,
          "trust": 0.0
        },
        "WAIT": {
          "caution": 0.0,
          "count": 2,
          "last_reward": 0.0,
          "last_timing_improvement": 0.0,
          "reward_sum": 0.0,
          "timing_improvement_sum": 0.0,
          "trust": 0.0
        }
      },
      "count": 2,
      "observations": {
        "LONG": {
          "count": 2,
          "last_recognition": 0.4258796369261709,
          "last_reward": 1.0,
          "recognition_sum": 0.8517592738523418,
          "reward_sum": 2.0
        },
        "SHORT": {
          "count": 0,
          "last_recognition": 0.0,
          "last_reward": 0.0,
          "recognition_sum": 0.0,
          "reward_sum": 0.0
        },
        "WAIT": {
          "count": 0,
          "last_recognition": 0.0,
          "last_reward": 0.0,
          "recognition_sum": 0.0,
          "reward_sum": 0.0
        }
      },
      "symbol": "dio_0arws0q",
      "syntax_family": "dio_0arw"
    },
    {
      "actions": {
        "LONG": {
          "caution": 0.0,
          "count": 0,
          "last_reward": 0.0,
          "last_timing_improvement": 0.0,
          "reward_sum": 0.0,
          "timing_improvement_sum": 0.0,
          "trust": 0.0
        },
        "SHORT": {
          "caution": 0.0,
          "count": 0,
          "last_reward": 0.0,
          "last_timing_improvement": 0.0,
          "reward_sum": 0.0,
          "timing_improvement_sum": 0.0,
          "trust": 0.0
        },
        "WAIT": {
          "caution": 0.0,
          "count": 2,
          "last_reward": 0.0,
          "last_timing_improvement": 0.0,
          "reward_sum": 0.0,
          "timing_improvement_sum": 0.0,
          "trust": 0.0
        }
      },
      "count": 2,
      "observations": {
        "LONG": {
          "count": 2,
          "last_recognition": 0.21975647316980287,
          "last_reward": 1.0,
          "recognition_sum": 0.43951294633960575,
          "reward_sum": 2.0
        },
        "SHORT": {
          "count": 0,
          "last_recognition": 0.0,
          "last_reward": 0.0,
          "recognition_sum": 0.0,
          "reward_sum": 0.0
        },
        "WAIT": {
          "count": 0,
          "last_recognition": 0.0,
          "last_reward": 0.0,
          "recognition_sum": 0.0,
          "reward_sum": 0.0
        }
      },
      "symbol": "dio_0x1ohxe",
      "syntax_family": "dio_0x1o"
    },
    {
      "actions": {
        "LONG": {
          "caution": 0.0,
          "count": 0,
          "last_reward": 0.0,
          "last_timing_improvement": 0.0,
          "reward_sum": 0.0,
          "timing_improvement_sum": 0.0,
          "trust": 0.0
        },
        "SHORT": {
          "caution": 0.0,
          "count": 0,
          "last_reward": 0.0,
          "last_timing_improvement": 0.0,
          "reward_sum": 0.0,
          "timing_improvement_sum": 0.0,
          "trust": 0.0
        },
        "WAIT": {
          "caution": 0.0,
          "count": 2,
          "last_reward": 0.0,
          "last_timing_improvement": 0.0,
          "reward_sum": 0.0,
          "timing_improvement_sum": 0.0,
          "trust": 0.0
        }
      },
      "count": 2,
      "observations": {
        "LONG": {
          "count": 2,
          "last_recognition": 0.4193830294599777,
          "last_reward": 1.0,
          "recognition_sum": 0.8387660589199554,
          "reward_sum": 2.0
        },
        "SHORT": {
          "count": 0,
          "last_recognition": 0.0,
          "last_reward": 0.0,
          "recognition_sum": 0.0,
          "reward_sum": 0.0
        },
        "WAIT": {
          "count": 0,
          "last_recognition": 0.0,
          "last_reward": 0.0,
          "recognition_sum": 0.0,
          "reward_sum": 0.0
        }
      },
      "symbol": "dio_0bmhp4f",
      "syntax_family": "dio_0bmh"
    }
  ],
  "mini_neuro_tones": {
    "focus_tone": 12,
    "observation_tone": 6
  },
  "observation_learning_events": 18,
  "outcome_events": {
    "NO_TRADE": 18
  },
  "passive_inner_awareness_contexts": {
    "inner_action_trust_seed": 3,
    "inner_cautious_potential": 5,
    "inner_open_potential": 2,
    "unloaded": 8
  },
  "passive_inner_awareness_memory_loaded": true,
  "passive_world_label": "probe18",
  "passive_world_mean_avg_carried_cos": 0.269927,
  "passive_world_mean_avg_carry": 0.178385,
  "passive_world_memory_loaded": true,
  "reflection_contexts": {
    "reflection_context_carried": 1,
    "reflection_context_cautious": 17
  },
  "run": 2,
  "short_trades": 0,
  "sl_hits": 0,
  "timeout_trades": 0,
  "top_symbols": [
    {
      "count": 1,
      "symbol": "dio_1txvf64"
    },
    {
      "count": 1,
      "symbol": "dio_16yc7xq"
    },
    {
      "count": 1,
      "symbol": "dio_1g2tjcp"
    },
    {
      "count": 1,
      "symbol": "dio_0fiypgb"
    },
    {
      "count": 1,
      "symbol": "dio_0emsx20"
    },
    {
      "count": 1,
      "symbol": "dio_0arws0q"
    },
    {
      "count": 1,
      "symbol": "dio_0x1ohxe"
    },
    {
      "count": 1,
      "symbol": "dio_0bmhp4f"
    }
  ],
  "total_reward": 0.0,
  "tp_hits": 0,
  "trades": 0,
  "unique_symbols": 18,
  "waits": 18
}
